\BOOKMARK [1][-]{section.1}{Introduction}{}% 1
\BOOKMARK [1][-]{section.2}{Background}{}% 2
\BOOKMARK [2][-]{subsection.2.1}{Envoy}{section.2}% 3
\BOOKMARK [1][-]{section.3}{Kmap}{}% 4
\BOOKMARK [2][-]{subsection.3.1}{Intercepting Network Calls}{section.3}% 5
\BOOKMARK [2][-]{subsection.3.2}{IPC options}{section.3}% 6
\BOOKMARK [2][-]{subsection.3.3}{Dual Pipes}{section.3}% 7
\BOOKMARK [2][-]{subsection.3.4}{When to apply Kmap}{section.3}% 8
\BOOKMARK [1][-]{section.4}{Prototype}{}% 9
\BOOKMARK [2][-]{subsection.4.1}{Kmap Buffer}{section.4}% 10
\BOOKMARK [2][-]{subsection.4.2}{Concurrency Challenges}{section.4}% 11
\BOOKMARK [2][-]{subsection.4.3}{Kmap Network Calls}{section.4}% 12
\BOOKMARK [2][-]{subsection.4.4}{Initialization}{section.4}% 13
\BOOKMARK [1][-]{section.5}{Evaluation}{}% 14
\BOOKMARK [2][-]{subsection.5.1}{General Performance}{section.5}% 15
\BOOKMARK [2][-]{subsection.5.2}{Buffer Size}{section.5}% 16
\BOOKMARK [2][-]{subsection.5.3}{Busy Server}{section.5}% 17
\BOOKMARK [1][-]{section.6}{Related Work}{}% 18
\BOOKMARK [1][-]{section.7}{Discussion}{}% 19
\BOOKMARK [2][-]{subsection.7.1}{Optimizing Kmap}{section.7}% 20
\BOOKMARK [2][-]{subsection.7.2}{Next Steps and Lessons}{section.7}% 21
